ARM GAS  /tmp/ccFExCKX.s 			page 1


   1              		.cpu cortex-m4
   2              		.arch armv7e-m
   3              		.fpu fpv4-sp-d16
   4              		.eabi_attribute 27, 1
   5              		.eabi_attribute 28, 1
   6              		.eabi_attribute 20, 1
   7              		.eabi_attribute 21, 1
   8              		.eabi_attribute 23, 3
   9              		.eabi_attribute 24, 1
  10              		.eabi_attribute 25, 1
  11              		.eabi_attribute 26, 1
  12              		.eabi_attribute 30, 1
  13              		.eabi_attribute 34, 1
  14              		.eabi_attribute 18, 4
  15              		.file	"stm32f4xx_hal_msp.c"
  16              		.text
  17              	.Ltext0:
  18              		.cfi_sections	.debug_frame
  19              		.file 1 "Core/Src/stm32f4xx_hal_msp.c"
  20              		.section	.text.HAL_MspInit,"ax",%progbits
  21              		.align	1
  22              		.global	HAL_MspInit
  23              		.syntax unified
  24              		.thumb
  25              		.thumb_func
  27              	HAL_MspInit:
  28              	.LFB130:
   1:Core/Src/stm32f4xx_hal_msp.c **** /* USER CODE BEGIN Header */
   2:Core/Src/stm32f4xx_hal_msp.c **** /**
   3:Core/Src/stm32f4xx_hal_msp.c ****   ******************************************************************************
   4:Core/Src/stm32f4xx_hal_msp.c ****   * @file         stm32f4xx_hal_msp.c
   5:Core/Src/stm32f4xx_hal_msp.c ****   * @brief        This file provides code for the MSP Initialization
   6:Core/Src/stm32f4xx_hal_msp.c ****   *               and de-Initialization codes.
   7:Core/Src/stm32f4xx_hal_msp.c ****   ******************************************************************************
   8:Core/Src/stm32f4xx_hal_msp.c ****   * @attention
   9:Core/Src/stm32f4xx_hal_msp.c ****   *
  10:Core/Src/stm32f4xx_hal_msp.c ****   * Copyright (c) 2023 STMicroelectronics.
  11:Core/Src/stm32f4xx_hal_msp.c ****   * All rights reserved.
  12:Core/Src/stm32f4xx_hal_msp.c ****   *
  13:Core/Src/stm32f4xx_hal_msp.c ****   * This software is licensed under terms that can be found in the LICENSE file
  14:Core/Src/stm32f4xx_hal_msp.c ****   * in the root directory of this software component.
  15:Core/Src/stm32f4xx_hal_msp.c ****   * If no LICENSE file comes with this software, it is provided AS-IS.
  16:Core/Src/stm32f4xx_hal_msp.c ****   *
  17:Core/Src/stm32f4xx_hal_msp.c ****   ******************************************************************************
  18:Core/Src/stm32f4xx_hal_msp.c ****   */
  19:Core/Src/stm32f4xx_hal_msp.c **** /* USER CODE END Header */
  20:Core/Src/stm32f4xx_hal_msp.c **** 
  21:Core/Src/stm32f4xx_hal_msp.c **** /* Includes ------------------------------------------------------------------*/
  22:Core/Src/stm32f4xx_hal_msp.c **** #include "main.h"
  23:Core/Src/stm32f4xx_hal_msp.c **** /* USER CODE BEGIN Includes */
  24:Core/Src/stm32f4xx_hal_msp.c **** 
  25:Core/Src/stm32f4xx_hal_msp.c **** /* USER CODE END Includes */
  26:Core/Src/stm32f4xx_hal_msp.c **** 
  27:Core/Src/stm32f4xx_hal_msp.c **** /* Private typedef -----------------------------------------------------------*/
  28:Core/Src/stm32f4xx_hal_msp.c **** /* USER CODE BEGIN TD */
  29:Core/Src/stm32f4xx_hal_msp.c **** 
  30:Core/Src/stm32f4xx_hal_msp.c **** /* USER CODE END TD */
ARM GAS  /tmp/ccFExCKX.s 			page 2


  31:Core/Src/stm32f4xx_hal_msp.c **** 
  32:Core/Src/stm32f4xx_hal_msp.c **** /* Private define ------------------------------------------------------------*/
  33:Core/Src/stm32f4xx_hal_msp.c **** /* USER CODE BEGIN Define */
  34:Core/Src/stm32f4xx_hal_msp.c **** 
  35:Core/Src/stm32f4xx_hal_msp.c **** /* USER CODE END Define */
  36:Core/Src/stm32f4xx_hal_msp.c **** 
  37:Core/Src/stm32f4xx_hal_msp.c **** /* Private macro -------------------------------------------------------------*/
  38:Core/Src/stm32f4xx_hal_msp.c **** /* USER CODE BEGIN Macro */
  39:Core/Src/stm32f4xx_hal_msp.c **** 
  40:Core/Src/stm32f4xx_hal_msp.c **** /* USER CODE END Macro */
  41:Core/Src/stm32f4xx_hal_msp.c **** 
  42:Core/Src/stm32f4xx_hal_msp.c **** /* Private variables ---------------------------------------------------------*/
  43:Core/Src/stm32f4xx_hal_msp.c **** /* USER CODE BEGIN PV */
  44:Core/Src/stm32f4xx_hal_msp.c **** 
  45:Core/Src/stm32f4xx_hal_msp.c **** /* USER CODE END PV */
  46:Core/Src/stm32f4xx_hal_msp.c **** 
  47:Core/Src/stm32f4xx_hal_msp.c **** /* Private function prototypes -----------------------------------------------*/
  48:Core/Src/stm32f4xx_hal_msp.c **** /* USER CODE BEGIN PFP */
  49:Core/Src/stm32f4xx_hal_msp.c **** 
  50:Core/Src/stm32f4xx_hal_msp.c **** /* USER CODE END PFP */
  51:Core/Src/stm32f4xx_hal_msp.c **** 
  52:Core/Src/stm32f4xx_hal_msp.c **** /* External functions --------------------------------------------------------*/
  53:Core/Src/stm32f4xx_hal_msp.c **** /* USER CODE BEGIN ExternalFunctions */
  54:Core/Src/stm32f4xx_hal_msp.c **** 
  55:Core/Src/stm32f4xx_hal_msp.c **** /* USER CODE END ExternalFunctions */
  56:Core/Src/stm32f4xx_hal_msp.c **** 
  57:Core/Src/stm32f4xx_hal_msp.c **** /* USER CODE BEGIN 0 */
  58:Core/Src/stm32f4xx_hal_msp.c **** 
  59:Core/Src/stm32f4xx_hal_msp.c **** /* USER CODE END 0 */
  60:Core/Src/stm32f4xx_hal_msp.c **** /**
  61:Core/Src/stm32f4xx_hal_msp.c ****   * Initializes the Global MSP.
  62:Core/Src/stm32f4xx_hal_msp.c ****   */
  63:Core/Src/stm32f4xx_hal_msp.c **** void HAL_MspInit(void)
  64:Core/Src/stm32f4xx_hal_msp.c **** {
  29              		.loc 1 64 1 view -0
  30              		.cfi_startproc
  31              		@ args = 0, pretend = 0, frame = 8
  32              		@ frame_needed = 0, uses_anonymous_args = 0
  33 0000 00B5     		push	{lr}
  34              	.LCFI0:
  35              		.cfi_def_cfa_offset 4
  36              		.cfi_offset 14, -4
  37 0002 83B0     		sub	sp, sp, #12
  38              	.LCFI1:
  39              		.cfi_def_cfa_offset 16
  65:Core/Src/stm32f4xx_hal_msp.c ****   /* USER CODE BEGIN MspInit 0 */
  66:Core/Src/stm32f4xx_hal_msp.c **** 
  67:Core/Src/stm32f4xx_hal_msp.c ****   /* USER CODE END MspInit 0 */
  68:Core/Src/stm32f4xx_hal_msp.c **** 
  69:Core/Src/stm32f4xx_hal_msp.c ****   __HAL_RCC_SYSCFG_CLK_ENABLE();
  40              		.loc 1 69 3 view .LVU1
  41              	.LBB2:
  42              		.loc 1 69 3 view .LVU2
  43 0004 0021     		movs	r1, #0
  44 0006 0091     		str	r1, [sp]
  45              		.loc 1 69 3 view .LVU3
  46 0008 0C4B     		ldr	r3, .L3
ARM GAS  /tmp/ccFExCKX.s 			page 3


  47 000a 5A6C     		ldr	r2, [r3, #68]
  48 000c 42F48042 		orr	r2, r2, #16384
  49 0010 5A64     		str	r2, [r3, #68]
  50              		.loc 1 69 3 view .LVU4
  51 0012 5A6C     		ldr	r2, [r3, #68]
  52 0014 02F48042 		and	r2, r2, #16384
  53 0018 0092     		str	r2, [sp]
  54              		.loc 1 69 3 view .LVU5
  55 001a 009A     		ldr	r2, [sp]
  56              	.LBE2:
  57              		.loc 1 69 3 view .LVU6
  70:Core/Src/stm32f4xx_hal_msp.c ****   __HAL_RCC_PWR_CLK_ENABLE();
  58              		.loc 1 70 3 view .LVU7
  59              	.LBB3:
  60              		.loc 1 70 3 view .LVU8
  61 001c 0191     		str	r1, [sp, #4]
  62              		.loc 1 70 3 view .LVU9
  63 001e 1A6C     		ldr	r2, [r3, #64]
  64 0020 42F08052 		orr	r2, r2, #268435456
  65 0024 1A64     		str	r2, [r3, #64]
  66              		.loc 1 70 3 view .LVU10
  67 0026 1B6C     		ldr	r3, [r3, #64]
  68 0028 03F08053 		and	r3, r3, #268435456
  69 002c 0193     		str	r3, [sp, #4]
  70              		.loc 1 70 3 view .LVU11
  71 002e 019B     		ldr	r3, [sp, #4]
  72              	.LBE3:
  73              		.loc 1 70 3 view .LVU12
  71:Core/Src/stm32f4xx_hal_msp.c **** 
  72:Core/Src/stm32f4xx_hal_msp.c ****   HAL_NVIC_SetPriorityGrouping(NVIC_PRIORITYGROUP_0);
  74              		.loc 1 72 3 view .LVU13
  75 0030 0720     		movs	r0, #7
  76 0032 FFF7FEFF 		bl	HAL_NVIC_SetPriorityGrouping
  77              	.LVL0:
  73:Core/Src/stm32f4xx_hal_msp.c **** 
  74:Core/Src/stm32f4xx_hal_msp.c ****   /* System interrupt init*/
  75:Core/Src/stm32f4xx_hal_msp.c **** 
  76:Core/Src/stm32f4xx_hal_msp.c ****   /* USER CODE BEGIN MspInit 1 */
  77:Core/Src/stm32f4xx_hal_msp.c **** 
  78:Core/Src/stm32f4xx_hal_msp.c ****   /* USER CODE END MspInit 1 */
  79:Core/Src/stm32f4xx_hal_msp.c **** }
  78              		.loc 1 79 1 is_stmt 0 view .LVU14
  79 0036 03B0     		add	sp, sp, #12
  80              	.LCFI2:
  81              		.cfi_def_cfa_offset 4
  82              		@ sp needed
  83 0038 5DF804FB 		ldr	pc, [sp], #4
  84              	.L4:
  85              		.align	2
  86              	.L3:
  87 003c 00380240 		.word	1073887232
  88              		.cfi_endproc
  89              	.LFE130:
  91              		.section	.text.HAL_I2C_MspInit,"ax",%progbits
  92              		.align	1
  93              		.global	HAL_I2C_MspInit
  94              		.syntax unified
ARM GAS  /tmp/ccFExCKX.s 			page 4


  95              		.thumb
  96              		.thumb_func
  98              	HAL_I2C_MspInit:
  99              	.LVL1:
 100              	.LFB131:
  80:Core/Src/stm32f4xx_hal_msp.c **** 
  81:Core/Src/stm32f4xx_hal_msp.c **** /**
  82:Core/Src/stm32f4xx_hal_msp.c **** * @brief I2C MSP Initialization
  83:Core/Src/stm32f4xx_hal_msp.c **** * This function configures the hardware resources used in this example
  84:Core/Src/stm32f4xx_hal_msp.c **** * @param hi2c: I2C handle pointer
  85:Core/Src/stm32f4xx_hal_msp.c **** * @retval None
  86:Core/Src/stm32f4xx_hal_msp.c **** */
  87:Core/Src/stm32f4xx_hal_msp.c **** void HAL_I2C_MspInit(I2C_HandleTypeDef* hi2c)
  88:Core/Src/stm32f4xx_hal_msp.c **** {
 101              		.loc 1 88 1 is_stmt 1 view -0
 102              		.cfi_startproc
 103              		@ args = 0, pretend = 0, frame = 32
 104              		@ frame_needed = 0, uses_anonymous_args = 0
 105              		.loc 1 88 1 is_stmt 0 view .LVU16
 106 0000 30B5     		push	{r4, r5, lr}
 107              	.LCFI3:
 108              		.cfi_def_cfa_offset 12
 109              		.cfi_offset 4, -12
 110              		.cfi_offset 5, -8
 111              		.cfi_offset 14, -4
 112 0002 89B0     		sub	sp, sp, #36
 113              	.LCFI4:
 114              		.cfi_def_cfa_offset 48
  89:Core/Src/stm32f4xx_hal_msp.c ****   GPIO_InitTypeDef GPIO_InitStruct = {0};
 115              		.loc 1 89 3 is_stmt 1 view .LVU17
 116              		.loc 1 89 20 is_stmt 0 view .LVU18
 117 0004 0023     		movs	r3, #0
 118 0006 0393     		str	r3, [sp, #12]
 119 0008 0493     		str	r3, [sp, #16]
 120 000a 0593     		str	r3, [sp, #20]
 121 000c 0693     		str	r3, [sp, #24]
 122 000e 0793     		str	r3, [sp, #28]
  90:Core/Src/stm32f4xx_hal_msp.c ****   if(hi2c->Instance==I2C1)
 123              		.loc 1 90 3 is_stmt 1 view .LVU19
 124              		.loc 1 90 10 is_stmt 0 view .LVU20
 125 0010 0268     		ldr	r2, [r0]
 126              		.loc 1 90 5 view .LVU21
 127 0012 144B     		ldr	r3, .L9
 128 0014 9A42     		cmp	r2, r3
 129 0016 01D0     		beq	.L8
 130              	.LVL2:
 131              	.L5:
  91:Core/Src/stm32f4xx_hal_msp.c ****   {
  92:Core/Src/stm32f4xx_hal_msp.c ****   /* USER CODE BEGIN I2C1_MspInit 0 */
  93:Core/Src/stm32f4xx_hal_msp.c **** 
  94:Core/Src/stm32f4xx_hal_msp.c ****   /* USER CODE END I2C1_MspInit 0 */
  95:Core/Src/stm32f4xx_hal_msp.c **** 
  96:Core/Src/stm32f4xx_hal_msp.c ****     __HAL_RCC_GPIOB_CLK_ENABLE();
  97:Core/Src/stm32f4xx_hal_msp.c ****     /**I2C1 GPIO Configuration
  98:Core/Src/stm32f4xx_hal_msp.c ****     PB8     ------> I2C1_SCL
  99:Core/Src/stm32f4xx_hal_msp.c ****     PB9     ------> I2C1_SDA
 100:Core/Src/stm32f4xx_hal_msp.c ****     */
ARM GAS  /tmp/ccFExCKX.s 			page 5


 101:Core/Src/stm32f4xx_hal_msp.c ****     GPIO_InitStruct.Pin = GPIO_PIN_8|GPIO_PIN_9;
 102:Core/Src/stm32f4xx_hal_msp.c ****     GPIO_InitStruct.Mode = GPIO_MODE_AF_OD;
 103:Core/Src/stm32f4xx_hal_msp.c ****     GPIO_InitStruct.Pull = GPIO_NOPULL;
 104:Core/Src/stm32f4xx_hal_msp.c ****     GPIO_InitStruct.Speed = GPIO_SPEED_FREQ_VERY_HIGH;
 105:Core/Src/stm32f4xx_hal_msp.c ****     GPIO_InitStruct.Alternate = GPIO_AF4_I2C1;
 106:Core/Src/stm32f4xx_hal_msp.c ****     HAL_GPIO_Init(GPIOB, &GPIO_InitStruct);
 107:Core/Src/stm32f4xx_hal_msp.c **** 
 108:Core/Src/stm32f4xx_hal_msp.c ****     /* Peripheral clock enable */
 109:Core/Src/stm32f4xx_hal_msp.c ****     __HAL_RCC_I2C1_CLK_ENABLE();
 110:Core/Src/stm32f4xx_hal_msp.c ****   /* USER CODE BEGIN I2C1_MspInit 1 */
 111:Core/Src/stm32f4xx_hal_msp.c **** 
 112:Core/Src/stm32f4xx_hal_msp.c ****   /* USER CODE END I2C1_MspInit 1 */
 113:Core/Src/stm32f4xx_hal_msp.c ****   }
 114:Core/Src/stm32f4xx_hal_msp.c **** 
 115:Core/Src/stm32f4xx_hal_msp.c **** }
 132              		.loc 1 115 1 view .LVU22
 133 0018 09B0     		add	sp, sp, #36
 134              	.LCFI5:
 135              		.cfi_remember_state
 136              		.cfi_def_cfa_offset 12
 137              		@ sp needed
 138 001a 30BD     		pop	{r4, r5, pc}
 139              	.LVL3:
 140              	.L8:
 141              	.LCFI6:
 142              		.cfi_restore_state
  96:Core/Src/stm32f4xx_hal_msp.c ****     /**I2C1 GPIO Configuration
 143              		.loc 1 96 5 is_stmt 1 view .LVU23
 144              	.LBB4:
  96:Core/Src/stm32f4xx_hal_msp.c ****     /**I2C1 GPIO Configuration
 145              		.loc 1 96 5 view .LVU24
 146 001c 0025     		movs	r5, #0
 147 001e 0195     		str	r5, [sp, #4]
  96:Core/Src/stm32f4xx_hal_msp.c ****     /**I2C1 GPIO Configuration
 148              		.loc 1 96 5 view .LVU25
 149 0020 114C     		ldr	r4, .L9+4
 150 0022 236B     		ldr	r3, [r4, #48]
 151 0024 43F00203 		orr	r3, r3, #2
 152 0028 2363     		str	r3, [r4, #48]
  96:Core/Src/stm32f4xx_hal_msp.c ****     /**I2C1 GPIO Configuration
 153              		.loc 1 96 5 view .LVU26
 154 002a 236B     		ldr	r3, [r4, #48]
 155 002c 03F00203 		and	r3, r3, #2
 156 0030 0193     		str	r3, [sp, #4]
  96:Core/Src/stm32f4xx_hal_msp.c ****     /**I2C1 GPIO Configuration
 157              		.loc 1 96 5 view .LVU27
 158 0032 019B     		ldr	r3, [sp, #4]
 159              	.LBE4:
  96:Core/Src/stm32f4xx_hal_msp.c ****     /**I2C1 GPIO Configuration
 160              		.loc 1 96 5 view .LVU28
 101:Core/Src/stm32f4xx_hal_msp.c ****     GPIO_InitStruct.Mode = GPIO_MODE_AF_OD;
 161              		.loc 1 101 5 view .LVU29
 101:Core/Src/stm32f4xx_hal_msp.c ****     GPIO_InitStruct.Mode = GPIO_MODE_AF_OD;
 162              		.loc 1 101 25 is_stmt 0 view .LVU30
 163 0034 4FF44073 		mov	r3, #768
 164 0038 0393     		str	r3, [sp, #12]
 102:Core/Src/stm32f4xx_hal_msp.c ****     GPIO_InitStruct.Pull = GPIO_NOPULL;
ARM GAS  /tmp/ccFExCKX.s 			page 6


 165              		.loc 1 102 5 is_stmt 1 view .LVU31
 102:Core/Src/stm32f4xx_hal_msp.c ****     GPIO_InitStruct.Pull = GPIO_NOPULL;
 166              		.loc 1 102 26 is_stmt 0 view .LVU32
 167 003a 1223     		movs	r3, #18
 168 003c 0493     		str	r3, [sp, #16]
 103:Core/Src/stm32f4xx_hal_msp.c ****     GPIO_InitStruct.Speed = GPIO_SPEED_FREQ_VERY_HIGH;
 169              		.loc 1 103 5 is_stmt 1 view .LVU33
 104:Core/Src/stm32f4xx_hal_msp.c ****     GPIO_InitStruct.Alternate = GPIO_AF4_I2C1;
 170              		.loc 1 104 5 view .LVU34
 104:Core/Src/stm32f4xx_hal_msp.c ****     GPIO_InitStruct.Alternate = GPIO_AF4_I2C1;
 171              		.loc 1 104 27 is_stmt 0 view .LVU35
 172 003e 0323     		movs	r3, #3
 173 0040 0693     		str	r3, [sp, #24]
 105:Core/Src/stm32f4xx_hal_msp.c ****     HAL_GPIO_Init(GPIOB, &GPIO_InitStruct);
 174              		.loc 1 105 5 is_stmt 1 view .LVU36
 105:Core/Src/stm32f4xx_hal_msp.c ****     HAL_GPIO_Init(GPIOB, &GPIO_InitStruct);
 175              		.loc 1 105 31 is_stmt 0 view .LVU37
 176 0042 0423     		movs	r3, #4
 177 0044 0793     		str	r3, [sp, #28]
 106:Core/Src/stm32f4xx_hal_msp.c **** 
 178              		.loc 1 106 5 is_stmt 1 view .LVU38
 179 0046 03A9     		add	r1, sp, #12
 180 0048 0848     		ldr	r0, .L9+8
 181              	.LVL4:
 106:Core/Src/stm32f4xx_hal_msp.c **** 
 182              		.loc 1 106 5 is_stmt 0 view .LVU39
 183 004a FFF7FEFF 		bl	HAL_GPIO_Init
 184              	.LVL5:
 109:Core/Src/stm32f4xx_hal_msp.c ****   /* USER CODE BEGIN I2C1_MspInit 1 */
 185              		.loc 1 109 5 is_stmt 1 view .LVU40
 186              	.LBB5:
 109:Core/Src/stm32f4xx_hal_msp.c ****   /* USER CODE BEGIN I2C1_MspInit 1 */
 187              		.loc 1 109 5 view .LVU41
 188 004e 0295     		str	r5, [sp, #8]
 109:Core/Src/stm32f4xx_hal_msp.c ****   /* USER CODE BEGIN I2C1_MspInit 1 */
 189              		.loc 1 109 5 view .LVU42
 190 0050 236C     		ldr	r3, [r4, #64]
 191 0052 43F40013 		orr	r3, r3, #2097152
 192 0056 2364     		str	r3, [r4, #64]
 109:Core/Src/stm32f4xx_hal_msp.c ****   /* USER CODE BEGIN I2C1_MspInit 1 */
 193              		.loc 1 109 5 view .LVU43
 194 0058 236C     		ldr	r3, [r4, #64]
 195 005a 03F40013 		and	r3, r3, #2097152
 196 005e 0293     		str	r3, [sp, #8]
 109:Core/Src/stm32f4xx_hal_msp.c ****   /* USER CODE BEGIN I2C1_MspInit 1 */
 197              		.loc 1 109 5 view .LVU44
 198 0060 029B     		ldr	r3, [sp, #8]
 199              	.LBE5:
 109:Core/Src/stm32f4xx_hal_msp.c ****   /* USER CODE BEGIN I2C1_MspInit 1 */
 200              		.loc 1 109 5 discriminator 1 view .LVU45
 201              		.loc 1 115 1 is_stmt 0 view .LVU46
 202 0062 D9E7     		b	.L5
 203              	.L10:
 204              		.align	2
 205              	.L9:
 206 0064 00540040 		.word	1073763328
 207 0068 00380240 		.word	1073887232
ARM GAS  /tmp/ccFExCKX.s 			page 7


 208 006c 00040240 		.word	1073873920
 209              		.cfi_endproc
 210              	.LFE131:
 212              		.section	.text.HAL_I2C_MspDeInit,"ax",%progbits
 213              		.align	1
 214              		.global	HAL_I2C_MspDeInit
 215              		.syntax unified
 216              		.thumb
 217              		.thumb_func
 219              	HAL_I2C_MspDeInit:
 220              	.LVL6:
 221              	.LFB132:
 116:Core/Src/stm32f4xx_hal_msp.c **** 
 117:Core/Src/stm32f4xx_hal_msp.c **** /**
 118:Core/Src/stm32f4xx_hal_msp.c **** * @brief I2C MSP De-Initialization
 119:Core/Src/stm32f4xx_hal_msp.c **** * This function freeze the hardware resources used in this example
 120:Core/Src/stm32f4xx_hal_msp.c **** * @param hi2c: I2C handle pointer
 121:Core/Src/stm32f4xx_hal_msp.c **** * @retval None
 122:Core/Src/stm32f4xx_hal_msp.c **** */
 123:Core/Src/stm32f4xx_hal_msp.c **** void HAL_I2C_MspDeInit(I2C_HandleTypeDef* hi2c)
 124:Core/Src/stm32f4xx_hal_msp.c **** {
 222              		.loc 1 124 1 is_stmt 1 view -0
 223              		.cfi_startproc
 224              		@ args = 0, pretend = 0, frame = 0
 225              		@ frame_needed = 0, uses_anonymous_args = 0
 125:Core/Src/stm32f4xx_hal_msp.c ****   if(hi2c->Instance==I2C1)
 226              		.loc 1 125 3 view .LVU48
 227              		.loc 1 125 10 is_stmt 0 view .LVU49
 228 0000 0268     		ldr	r2, [r0]
 229              		.loc 1 125 5 view .LVU50
 230 0002 0B4B     		ldr	r3, .L18
 231 0004 9A42     		cmp	r2, r3
 232 0006 00D0     		beq	.L17
 233 0008 7047     		bx	lr
 234              	.L17:
 124:Core/Src/stm32f4xx_hal_msp.c ****   if(hi2c->Instance==I2C1)
 235              		.loc 1 124 1 view .LVU51
 236 000a 10B5     		push	{r4, lr}
 237              	.LCFI7:
 238              		.cfi_def_cfa_offset 8
 239              		.cfi_offset 4, -8
 240              		.cfi_offset 14, -4
 126:Core/Src/stm32f4xx_hal_msp.c ****   {
 127:Core/Src/stm32f4xx_hal_msp.c ****   /* USER CODE BEGIN I2C1_MspDeInit 0 */
 128:Core/Src/stm32f4xx_hal_msp.c **** 
 129:Core/Src/stm32f4xx_hal_msp.c ****   /* USER CODE END I2C1_MspDeInit 0 */
 130:Core/Src/stm32f4xx_hal_msp.c ****     /* Peripheral clock disable */
 131:Core/Src/stm32f4xx_hal_msp.c ****     __HAL_RCC_I2C1_CLK_DISABLE();
 241              		.loc 1 131 5 is_stmt 1 view .LVU52
 242 000c 094A     		ldr	r2, .L18+4
 243 000e 136C     		ldr	r3, [r2, #64]
 244 0010 23F40013 		bic	r3, r3, #2097152
 245 0014 1364     		str	r3, [r2, #64]
 132:Core/Src/stm32f4xx_hal_msp.c **** 
 133:Core/Src/stm32f4xx_hal_msp.c ****     /**I2C1 GPIO Configuration
 134:Core/Src/stm32f4xx_hal_msp.c ****     PB8     ------> I2C1_SCL
 135:Core/Src/stm32f4xx_hal_msp.c ****     PB9     ------> I2C1_SDA
ARM GAS  /tmp/ccFExCKX.s 			page 8


 136:Core/Src/stm32f4xx_hal_msp.c ****     */
 137:Core/Src/stm32f4xx_hal_msp.c ****     HAL_GPIO_DeInit(GPIOB, GPIO_PIN_8);
 246              		.loc 1 137 5 view .LVU53
 247 0016 084C     		ldr	r4, .L18+8
 248 0018 4FF48071 		mov	r1, #256
 249 001c 2046     		mov	r0, r4
 250              	.LVL7:
 251              		.loc 1 137 5 is_stmt 0 view .LVU54
 252 001e FFF7FEFF 		bl	HAL_GPIO_DeInit
 253              	.LVL8:
 138:Core/Src/stm32f4xx_hal_msp.c **** 
 139:Core/Src/stm32f4xx_hal_msp.c ****     HAL_GPIO_DeInit(GPIOB, GPIO_PIN_9);
 254              		.loc 1 139 5 is_stmt 1 view .LVU55
 255 0022 4FF40071 		mov	r1, #512
 256 0026 2046     		mov	r0, r4
 257 0028 FFF7FEFF 		bl	HAL_GPIO_DeInit
 258              	.LVL9:
 140:Core/Src/stm32f4xx_hal_msp.c **** 
 141:Core/Src/stm32f4xx_hal_msp.c ****   /* USER CODE BEGIN I2C1_MspDeInit 1 */
 142:Core/Src/stm32f4xx_hal_msp.c **** 
 143:Core/Src/stm32f4xx_hal_msp.c ****   /* USER CODE END I2C1_MspDeInit 1 */
 144:Core/Src/stm32f4xx_hal_msp.c ****   }
 145:Core/Src/stm32f4xx_hal_msp.c **** 
 146:Core/Src/stm32f4xx_hal_msp.c **** }
 259              		.loc 1 146 1 is_stmt 0 view .LVU56
 260 002c 10BD     		pop	{r4, pc}
 261              	.L19:
 262 002e 00BF     		.align	2
 263              	.L18:
 264 0030 00540040 		.word	1073763328
 265 0034 00380240 		.word	1073887232
 266 0038 00040240 		.word	1073873920
 267              		.cfi_endproc
 268              	.LFE132:
 270              		.section	.text.HAL_UART_MspInit,"ax",%progbits
 271              		.align	1
 272              		.global	HAL_UART_MspInit
 273              		.syntax unified
 274              		.thumb
 275              		.thumb_func
 277              	HAL_UART_MspInit:
 278              	.LVL10:
 279              	.LFB133:
 147:Core/Src/stm32f4xx_hal_msp.c **** 
 148:Core/Src/stm32f4xx_hal_msp.c **** /**
 149:Core/Src/stm32f4xx_hal_msp.c **** * @brief UART MSP Initialization
 150:Core/Src/stm32f4xx_hal_msp.c **** * This function configures the hardware resources used in this example
 151:Core/Src/stm32f4xx_hal_msp.c **** * @param huart: UART handle pointer
 152:Core/Src/stm32f4xx_hal_msp.c **** * @retval None
 153:Core/Src/stm32f4xx_hal_msp.c **** */
 154:Core/Src/stm32f4xx_hal_msp.c **** void HAL_UART_MspInit(UART_HandleTypeDef* huart)
 155:Core/Src/stm32f4xx_hal_msp.c **** {
 280              		.loc 1 155 1 is_stmt 1 view -0
 281              		.cfi_startproc
 282              		@ args = 0, pretend = 0, frame = 32
 283              		@ frame_needed = 0, uses_anonymous_args = 0
 284              		.loc 1 155 1 is_stmt 0 view .LVU58
ARM GAS  /tmp/ccFExCKX.s 			page 9


 285 0000 00B5     		push	{lr}
 286              	.LCFI8:
 287              		.cfi_def_cfa_offset 4
 288              		.cfi_offset 14, -4
 289 0002 89B0     		sub	sp, sp, #36
 290              	.LCFI9:
 291              		.cfi_def_cfa_offset 40
 156:Core/Src/stm32f4xx_hal_msp.c ****   GPIO_InitTypeDef GPIO_InitStruct = {0};
 292              		.loc 1 156 3 is_stmt 1 view .LVU59
 293              		.loc 1 156 20 is_stmt 0 view .LVU60
 294 0004 0023     		movs	r3, #0
 295 0006 0393     		str	r3, [sp, #12]
 296 0008 0493     		str	r3, [sp, #16]
 297 000a 0593     		str	r3, [sp, #20]
 298 000c 0693     		str	r3, [sp, #24]
 299 000e 0793     		str	r3, [sp, #28]
 157:Core/Src/stm32f4xx_hal_msp.c ****   if(huart->Instance==USART2)
 300              		.loc 1 157 3 is_stmt 1 view .LVU61
 301              		.loc 1 157 11 is_stmt 0 view .LVU62
 302 0010 0268     		ldr	r2, [r0]
 303              		.loc 1 157 5 view .LVU63
 304 0012 144B     		ldr	r3, .L24
 305 0014 9A42     		cmp	r2, r3
 306 0016 02D0     		beq	.L23
 307              	.LVL11:
 308              	.L20:
 158:Core/Src/stm32f4xx_hal_msp.c ****   {
 159:Core/Src/stm32f4xx_hal_msp.c ****   /* USER CODE BEGIN USART2_MspInit 0 */
 160:Core/Src/stm32f4xx_hal_msp.c **** 
 161:Core/Src/stm32f4xx_hal_msp.c ****   /* USER CODE END USART2_MspInit 0 */
 162:Core/Src/stm32f4xx_hal_msp.c ****     /* Peripheral clock enable */
 163:Core/Src/stm32f4xx_hal_msp.c ****     __HAL_RCC_USART2_CLK_ENABLE();
 164:Core/Src/stm32f4xx_hal_msp.c **** 
 165:Core/Src/stm32f4xx_hal_msp.c ****     __HAL_RCC_GPIOA_CLK_ENABLE();
 166:Core/Src/stm32f4xx_hal_msp.c ****     /**USART2 GPIO Configuration
 167:Core/Src/stm32f4xx_hal_msp.c ****     PA2     ------> USART2_TX
 168:Core/Src/stm32f4xx_hal_msp.c ****     PA3     ------> USART2_RX
 169:Core/Src/stm32f4xx_hal_msp.c ****     */
 170:Core/Src/stm32f4xx_hal_msp.c ****     GPIO_InitStruct.Pin = USART_TX_Pin|USART_RX_Pin;
 171:Core/Src/stm32f4xx_hal_msp.c ****     GPIO_InitStruct.Mode = GPIO_MODE_AF_PP;
 172:Core/Src/stm32f4xx_hal_msp.c ****     GPIO_InitStruct.Pull = GPIO_NOPULL;
 173:Core/Src/stm32f4xx_hal_msp.c ****     GPIO_InitStruct.Speed = GPIO_SPEED_FREQ_LOW;
 174:Core/Src/stm32f4xx_hal_msp.c ****     GPIO_InitStruct.Alternate = GPIO_AF7_USART2;
 175:Core/Src/stm32f4xx_hal_msp.c ****     HAL_GPIO_Init(GPIOA, &GPIO_InitStruct);
 176:Core/Src/stm32f4xx_hal_msp.c **** 
 177:Core/Src/stm32f4xx_hal_msp.c ****   /* USER CODE BEGIN USART2_MspInit 1 */
 178:Core/Src/stm32f4xx_hal_msp.c **** 
 179:Core/Src/stm32f4xx_hal_msp.c ****   /* USER CODE END USART2_MspInit 1 */
 180:Core/Src/stm32f4xx_hal_msp.c ****   }
 181:Core/Src/stm32f4xx_hal_msp.c **** 
 182:Core/Src/stm32f4xx_hal_msp.c **** }
 309              		.loc 1 182 1 view .LVU64
 310 0018 09B0     		add	sp, sp, #36
 311              	.LCFI10:
 312              		.cfi_remember_state
 313              		.cfi_def_cfa_offset 4
 314              		@ sp needed
ARM GAS  /tmp/ccFExCKX.s 			page 10


 315 001a 5DF804FB 		ldr	pc, [sp], #4
 316              	.LVL12:
 317              	.L23:
 318              	.LCFI11:
 319              		.cfi_restore_state
 163:Core/Src/stm32f4xx_hal_msp.c **** 
 320              		.loc 1 163 5 is_stmt 1 view .LVU65
 321              	.LBB6:
 163:Core/Src/stm32f4xx_hal_msp.c **** 
 322              		.loc 1 163 5 view .LVU66
 323 001e 0021     		movs	r1, #0
 324 0020 0191     		str	r1, [sp, #4]
 163:Core/Src/stm32f4xx_hal_msp.c **** 
 325              		.loc 1 163 5 view .LVU67
 326 0022 03F5FA33 		add	r3, r3, #128000
 327 0026 1A6C     		ldr	r2, [r3, #64]
 328 0028 42F40032 		orr	r2, r2, #131072
 329 002c 1A64     		str	r2, [r3, #64]
 163:Core/Src/stm32f4xx_hal_msp.c **** 
 330              		.loc 1 163 5 view .LVU68
 331 002e 1A6C     		ldr	r2, [r3, #64]
 332 0030 02F40032 		and	r2, r2, #131072
 333 0034 0192     		str	r2, [sp, #4]
 163:Core/Src/stm32f4xx_hal_msp.c **** 
 334              		.loc 1 163 5 view .LVU69
 335 0036 019A     		ldr	r2, [sp, #4]
 336              	.LBE6:
 163:Core/Src/stm32f4xx_hal_msp.c **** 
 337              		.loc 1 163 5 view .LVU70
 165:Core/Src/stm32f4xx_hal_msp.c ****     /**USART2 GPIO Configuration
 338              		.loc 1 165 5 view .LVU71
 339              	.LBB7:
 165:Core/Src/stm32f4xx_hal_msp.c ****     /**USART2 GPIO Configuration
 340              		.loc 1 165 5 view .LVU72
 341 0038 0291     		str	r1, [sp, #8]
 165:Core/Src/stm32f4xx_hal_msp.c ****     /**USART2 GPIO Configuration
 342              		.loc 1 165 5 view .LVU73
 343 003a 1A6B     		ldr	r2, [r3, #48]
 344 003c 42F00102 		orr	r2, r2, #1
 345 0040 1A63     		str	r2, [r3, #48]
 165:Core/Src/stm32f4xx_hal_msp.c ****     /**USART2 GPIO Configuration
 346              		.loc 1 165 5 view .LVU74
 347 0042 1B6B     		ldr	r3, [r3, #48]
 348 0044 03F00103 		and	r3, r3, #1
 349 0048 0293     		str	r3, [sp, #8]
 165:Core/Src/stm32f4xx_hal_msp.c ****     /**USART2 GPIO Configuration
 350              		.loc 1 165 5 view .LVU75
 351 004a 029B     		ldr	r3, [sp, #8]
 352              	.LBE7:
 165:Core/Src/stm32f4xx_hal_msp.c ****     /**USART2 GPIO Configuration
 353              		.loc 1 165 5 view .LVU76
 170:Core/Src/stm32f4xx_hal_msp.c ****     GPIO_InitStruct.Mode = GPIO_MODE_AF_PP;
 354              		.loc 1 170 5 view .LVU77
 170:Core/Src/stm32f4xx_hal_msp.c ****     GPIO_InitStruct.Mode = GPIO_MODE_AF_PP;
 355              		.loc 1 170 25 is_stmt 0 view .LVU78
 356 004c 0C23     		movs	r3, #12
 357 004e 0393     		str	r3, [sp, #12]
ARM GAS  /tmp/ccFExCKX.s 			page 11


 171:Core/Src/stm32f4xx_hal_msp.c ****     GPIO_InitStruct.Pull = GPIO_NOPULL;
 358              		.loc 1 171 5 is_stmt 1 view .LVU79
 171:Core/Src/stm32f4xx_hal_msp.c ****     GPIO_InitStruct.Pull = GPIO_NOPULL;
 359              		.loc 1 171 26 is_stmt 0 view .LVU80
 360 0050 0223     		movs	r3, #2
 361 0052 0493     		str	r3, [sp, #16]
 172:Core/Src/stm32f4xx_hal_msp.c ****     GPIO_InitStruct.Speed = GPIO_SPEED_FREQ_LOW;
 362              		.loc 1 172 5 is_stmt 1 view .LVU81
 173:Core/Src/stm32f4xx_hal_msp.c ****     GPIO_InitStruct.Alternate = GPIO_AF7_USART2;
 363              		.loc 1 173 5 view .LVU82
 174:Core/Src/stm32f4xx_hal_msp.c ****     HAL_GPIO_Init(GPIOA, &GPIO_InitStruct);
 364              		.loc 1 174 5 view .LVU83
 174:Core/Src/stm32f4xx_hal_msp.c ****     HAL_GPIO_Init(GPIOA, &GPIO_InitStruct);
 365              		.loc 1 174 31 is_stmt 0 view .LVU84
 366 0054 0723     		movs	r3, #7
 367 0056 0793     		str	r3, [sp, #28]
 175:Core/Src/stm32f4xx_hal_msp.c **** 
 368              		.loc 1 175 5 is_stmt 1 view .LVU85
 369 0058 03A9     		add	r1, sp, #12
 370 005a 0348     		ldr	r0, .L24+4
 371              	.LVL13:
 175:Core/Src/stm32f4xx_hal_msp.c **** 
 372              		.loc 1 175 5 is_stmt 0 view .LVU86
 373 005c FFF7FEFF 		bl	HAL_GPIO_Init
 374              	.LVL14:
 375              		.loc 1 182 1 view .LVU87
 376 0060 DAE7     		b	.L20
 377              	.L25:
 378 0062 00BF     		.align	2
 379              	.L24:
 380 0064 00440040 		.word	1073759232
 381 0068 00000240 		.word	1073872896
 382              		.cfi_endproc
 383              	.LFE133:
 385              		.section	.text.HAL_UART_MspDeInit,"ax",%progbits
 386              		.align	1
 387              		.global	HAL_UART_MspDeInit
 388              		.syntax unified
 389              		.thumb
 390              		.thumb_func
 392              	HAL_UART_MspDeInit:
 393              	.LVL15:
 394              	.LFB134:
 183:Core/Src/stm32f4xx_hal_msp.c **** 
 184:Core/Src/stm32f4xx_hal_msp.c **** /**
 185:Core/Src/stm32f4xx_hal_msp.c **** * @brief UART MSP De-Initialization
 186:Core/Src/stm32f4xx_hal_msp.c **** * This function freeze the hardware resources used in this example
 187:Core/Src/stm32f4xx_hal_msp.c **** * @param huart: UART handle pointer
 188:Core/Src/stm32f4xx_hal_msp.c **** * @retval None
 189:Core/Src/stm32f4xx_hal_msp.c **** */
 190:Core/Src/stm32f4xx_hal_msp.c **** void HAL_UART_MspDeInit(UART_HandleTypeDef* huart)
 191:Core/Src/stm32f4xx_hal_msp.c **** {
 395              		.loc 1 191 1 is_stmt 1 view -0
 396              		.cfi_startproc
 397              		@ args = 0, pretend = 0, frame = 0
 398              		@ frame_needed = 0, uses_anonymous_args = 0
 399              		.loc 1 191 1 is_stmt 0 view .LVU89
ARM GAS  /tmp/ccFExCKX.s 			page 12


 400 0000 08B5     		push	{r3, lr}
 401              	.LCFI12:
 402              		.cfi_def_cfa_offset 8
 403              		.cfi_offset 3, -8
 404              		.cfi_offset 14, -4
 192:Core/Src/stm32f4xx_hal_msp.c ****   if(huart->Instance==USART2)
 405              		.loc 1 192 3 is_stmt 1 view .LVU90
 406              		.loc 1 192 11 is_stmt 0 view .LVU91
 407 0002 0268     		ldr	r2, [r0]
 408              		.loc 1 192 5 view .LVU92
 409 0004 064B     		ldr	r3, .L30
 410 0006 9A42     		cmp	r2, r3
 411 0008 00D0     		beq	.L29
 412              	.LVL16:
 413              	.L26:
 193:Core/Src/stm32f4xx_hal_msp.c ****   {
 194:Core/Src/stm32f4xx_hal_msp.c ****   /* USER CODE BEGIN USART2_MspDeInit 0 */
 195:Core/Src/stm32f4xx_hal_msp.c **** 
 196:Core/Src/stm32f4xx_hal_msp.c ****   /* USER CODE END USART2_MspDeInit 0 */
 197:Core/Src/stm32f4xx_hal_msp.c ****     /* Peripheral clock disable */
 198:Core/Src/stm32f4xx_hal_msp.c ****     __HAL_RCC_USART2_CLK_DISABLE();
 199:Core/Src/stm32f4xx_hal_msp.c **** 
 200:Core/Src/stm32f4xx_hal_msp.c ****     /**USART2 GPIO Configuration
 201:Core/Src/stm32f4xx_hal_msp.c ****     PA2     ------> USART2_TX
 202:Core/Src/stm32f4xx_hal_msp.c ****     PA3     ------> USART2_RX
 203:Core/Src/stm32f4xx_hal_msp.c ****     */
 204:Core/Src/stm32f4xx_hal_msp.c ****     HAL_GPIO_DeInit(GPIOA, USART_TX_Pin|USART_RX_Pin);
 205:Core/Src/stm32f4xx_hal_msp.c **** 
 206:Core/Src/stm32f4xx_hal_msp.c ****   /* USER CODE BEGIN USART2_MspDeInit 1 */
 207:Core/Src/stm32f4xx_hal_msp.c **** 
 208:Core/Src/stm32f4xx_hal_msp.c ****   /* USER CODE END USART2_MspDeInit 1 */
 209:Core/Src/stm32f4xx_hal_msp.c ****   }
 210:Core/Src/stm32f4xx_hal_msp.c **** 
 211:Core/Src/stm32f4xx_hal_msp.c **** }
 414              		.loc 1 211 1 view .LVU93
 415 000a 08BD     		pop	{r3, pc}
 416              	.LVL17:
 417              	.L29:
 198:Core/Src/stm32f4xx_hal_msp.c **** 
 418              		.loc 1 198 5 is_stmt 1 view .LVU94
 419 000c 054A     		ldr	r2, .L30+4
 420 000e 136C     		ldr	r3, [r2, #64]
 421 0010 23F40033 		bic	r3, r3, #131072
 422 0014 1364     		str	r3, [r2, #64]
 204:Core/Src/stm32f4xx_hal_msp.c **** 
 423              		.loc 1 204 5 view .LVU95
 424 0016 0C21     		movs	r1, #12
 425 0018 0348     		ldr	r0, .L30+8
 426              	.LVL18:
 204:Core/Src/stm32f4xx_hal_msp.c **** 
 427              		.loc 1 204 5 is_stmt 0 view .LVU96
 428 001a FFF7FEFF 		bl	HAL_GPIO_DeInit
 429              	.LVL19:
 430              		.loc 1 211 1 view .LVU97
 431 001e F4E7     		b	.L26
 432              	.L31:
 433              		.align	2
ARM GAS  /tmp/ccFExCKX.s 			page 13


 434              	.L30:
 435 0020 00440040 		.word	1073759232
 436 0024 00380240 		.word	1073887232
 437 0028 00000240 		.word	1073872896
 438              		.cfi_endproc
 439              	.LFE134:
 441              		.text
 442              	.Letext0:
 443              		.file 2 "/usr/arm-none-eabi/include/machine/_default_types.h"
 444              		.file 3 "/usr/arm-none-eabi/include/sys/_stdint.h"
 445              		.file 4 "Drivers/CMSIS/Device/ST/STM32F4xx/Include/stm32f401xe.h"
 446              		.file 5 "Drivers/STM32F4xx_HAL_Driver/Inc/stm32f4xx_hal_def.h"
 447              		.file 6 "Drivers/STM32F4xx_HAL_Driver/Inc/stm32f4xx_hal_gpio.h"
 448              		.file 7 "Drivers/STM32F4xx_HAL_Driver/Inc/stm32f4xx_hal_dma.h"
 449              		.file 8 "Drivers/STM32F4xx_HAL_Driver/Inc/stm32f4xx_hal_i2c.h"
 450              		.file 9 "Drivers/STM32F4xx_HAL_Driver/Inc/stm32f4xx_hal_uart.h"
 451              		.file 10 "Drivers/STM32F4xx_HAL_Driver/Inc/stm32f4xx_hal_cortex.h"
ARM GAS  /tmp/ccFExCKX.s 			page 14


DEFINED SYMBOLS
                            *ABS*:00000000 stm32f4xx_hal_msp.c
     /tmp/ccFExCKX.s:21     .text.HAL_MspInit:00000000 $t
     /tmp/ccFExCKX.s:27     .text.HAL_MspInit:00000000 HAL_MspInit
     /tmp/ccFExCKX.s:87     .text.HAL_MspInit:0000003c $d
     /tmp/ccFExCKX.s:92     .text.HAL_I2C_MspInit:00000000 $t
     /tmp/ccFExCKX.s:98     .text.HAL_I2C_MspInit:00000000 HAL_I2C_MspInit
     /tmp/ccFExCKX.s:206    .text.HAL_I2C_MspInit:00000064 $d
     /tmp/ccFExCKX.s:213    .text.HAL_I2C_MspDeInit:00000000 $t
     /tmp/ccFExCKX.s:219    .text.HAL_I2C_MspDeInit:00000000 HAL_I2C_MspDeInit
     /tmp/ccFExCKX.s:264    .text.HAL_I2C_MspDeInit:00000030 $d
     /tmp/ccFExCKX.s:271    .text.HAL_UART_MspInit:00000000 $t
     /tmp/ccFExCKX.s:277    .text.HAL_UART_MspInit:00000000 HAL_UART_MspInit
     /tmp/ccFExCKX.s:380    .text.HAL_UART_MspInit:00000064 $d
     /tmp/ccFExCKX.s:386    .text.HAL_UART_MspDeInit:00000000 $t
     /tmp/ccFExCKX.s:392    .text.HAL_UART_MspDeInit:00000000 HAL_UART_MspDeInit
     /tmp/ccFExCKX.s:435    .text.HAL_UART_MspDeInit:00000020 $d

UNDEFINED SYMBOLS
HAL_NVIC_SetPriorityGrouping
HAL_GPIO_Init
HAL_GPIO_DeInit
